The target system is: Generic -  - 
The host system is: Darwin - 22.3.0 - x86_64
Compiling the C compiler identification source file "CMakeCCompilerId.c" succeeded.
Compiler: /Users/andrei/.platformio/packages/toolchain-xtensa-esp32s3/bin/xtensa-esp32s3-elf-gcc 
Build flags: -mlongcalls;
Id flags:  

The output was:
0


Compilation of the C compiler identification source "CMakeCCompilerId.c" produced "a.out"

The C compiler identification is GNU, found in "/Users/andrei/Documents/ICLR/Ricardo-FlintandSteel/Firmware/.pio/build/esp32s3/bootloader/CMakeFiles/3.16.4/CompilerIdC/a.out"

Compiling the CXX compiler identification source file "CMakeCXXCompilerId.cpp" succeeded.
Compiler: /Users/andrei/.platformio/packages/toolchain-xtensa-esp32s3/bin/xtensa-esp32s3-elf-g++ 
Build flags: -mlongcalls;
Id flags:  

The output was:
0


Compilation of the CXX compiler identification source "CMakeCXXCompilerId.cpp" produced "a.out"

The CXX compiler identification is GNU, found in "/Users/andrei/Documents/ICLR/Ricardo-FlintandSteel/Firmware/.pio/build/esp32s3/bootloader/CMakeFiles/3.16.4/CompilerIdCXX/a.out"

Checking whether the ASM compiler is GNU using "--version" matched "(GNU assembler)|(GCC)|(Free Software Foundation)":
xtensa-esp32s3-elf-gcc (crosstool-NG esp-2021r2-patch5) 8.4.0
Copyright (C) 2018 Free Software Foundation, Inc.
This is free software; see the source for copying conditions.  There is NO
warranty; not even for MERCHANTABILITY or FITNESS FOR A PARTICULAR PURPOSE.

Determining if the C compiler works passed with the following output:
Change Dir: /Users/andrei/Documents/ICLR/Ricardo-FlintandSteel/Firmware/.pio/build/esp32s3/bootloader/CMakeFiles/CMakeTmp

Run Build Command(s):/Users/andrei/.platformio/packages/tool-ninja/ninja cmTC_4fac8 && [1/2] Building C object CMakeFiles/cmTC_4fac8.dir/testCCompiler.c.obj
[2/2] Linking C executable cmTC_4fac8



Detecting C compiler ABI info compiled with the following output:
Change Dir: /Users/andrei/Documents/ICLR/Ricardo-FlintandSteel/Firmware/.pio/build/esp32s3/bootloader/CMakeFiles/CMakeTmp

Run Build Command(s):/Users/andrei/.platformio/packages/tool-ninja/ninja cmTC_05455 && [1/2] Building C object CMakeFiles/cmTC_05455.dir/CMakeCCompilerABI.c.obj
Using built-in specs.
COLLECT_GCC=/Users/andrei/.platformio/packages/toolchain-xtensa-esp32s3/bin/xtensa-esp32s3-elf-gcc
Target: xtensa-esp32s3-elf
Configured with: /Users/brnomac003/.gitlab-runner/builds/qR2TxTby/1/idf/crosstool-NG/.build/xtensa-esp32s3-elf/src/gcc/configure --build=aarch64-build_apple-darwin21.4.0 --host=aarch64-build_apple-darwin21.4.0 --target=xtensa-esp32s3-elf --prefix=/Users/brnomac003/.gitlab-runner/builds/qR2TxTby/1/idf/crosstool-NG/builds/xtensa-esp32s3-elf --exec_prefix=/Users/brnomac003/.gitlab-runner/builds/qR2TxTby/1/idf/crosstool-NG/builds/xtensa-esp32s3-elf --with-local-prefix=/Users/brnomac003/.gitlab-runner/builds/qR2TxTby/1/idf/crosstool-NG/builds/xtensa-esp32s3-elf/xtensa-esp32s3-elf --with-headers=/Users/brnomac003/.gitlab-runner/builds/qR2TxTby/1/idf/crosstool-NG/builds/xtensa-esp32s3-elf/xtensa-esp32s3-elf/include --with-newlib --enable-threads=no --disable-shared --with-pkgversion='crosstool-NG esp-2021r2-patch5' --disable-__cxa_atexit --enable-cxx-flags=-ffunction-sections --disable-libgomp --disable-libmudflap --disable-libmpx --disable-libssp --disable-libquadmath --disable-libquadmath-support --disable-libstdcxx-verbose --with-gmp=/Users/brnomac003/.gitlab-runner/builds/qR2TxTby/1/idf/crosstool-NG/.build/xtensa-esp32s3-elf/buildtools --with-mpfr=/Users/brnomac003/.gitlab-runner/builds/qR2TxTby/1/idf/crosstool-NG/.build/xtensa-esp32s3-elf/buildtools --with-mpc=/Users/brnomac003/.gitlab-runner/builds/qR2TxTby/1/idf/crosstool-NG/.build/xtensa-esp32s3-elf/buildtools --with-isl=/Users/brnomac003/.gitlab-runner/builds/qR2TxTby/1/idf/crosstool-NG/.build/xtensa-esp32s3-elf/buildtools --enable-lto --enable-target-optspace --without-long-double-128 --disable-nls --enable-multiarch --enable-languages=c,c++ --disable-libstdcxx-verbose --enable-threads=posix --enable-gcov-custom-rtio --enable-libstdcxx-time=yes
Thread model: posix
gcc version 8.4.0 (crosstool-NG esp-2021r2-patch5) 
COLLECT_GCC_OPTIONS='-mlongcalls' '-v' '-o' 'CMakeFiles/cmTC_05455.dir/CMakeCCompilerABI.c.obj' '-c'
 /Users/andrei/.platformio/packages/toolchain-xtensa-esp32s3/bin/../libexec/gcc/xtensa-esp32s3-elf/8.4.0/cc1 -quiet -v -iprefix /Users/andrei/.platformio/packages/toolchain-xtensa-esp32s3/bin/../lib/gcc/xtensa-esp32s3-elf/8.4.0/ /Users/andrei/.platformio/packages/tool-cmake/share/cmake-3.16/Modules/CMakeCCompilerABI.c -quiet -dumpbase CMakeCCompilerABI.c -mlongcalls -auxbase-strip CMakeFiles/cmTC_05455.dir/CMakeCCompilerABI.c.obj -version -o /var/folders/r0/vt3fb6ds5cggl533sgtww4480000gn/T//ccsDm8N3.s
GNU C17 (crosstool-NG esp-2021r2-patch5) version 8.4.0 (xtensa-esp32s3-elf)
	compiled by GNU C version Apple LLVM 13.0.0 (clang-1300.0.27.3), GMP version 6.2.1, MPFR version 4.1.0, MPC version 1.2.1, isl version isl-0.19-GMP

GGC heuristics: --param ggc-min-expand=100 --param ggc-min-heapsize=131072
ignoring duplicate directory "/Users/andrei/.platformio/packages/toolchain-xtensa-esp32s3/bin/../lib/gcc/../../lib/gcc/xtensa-esp32s3-elf/8.4.0/include"
ignoring duplicate directory "/Users/andrei/.platformio/packages/toolchain-xtensa-esp32s3/bin/../lib/gcc/../../lib/gcc/xtensa-esp32s3-elf/8.4.0/include-fixed"
ignoring duplicate directory "/Users/andrei/.platformio/packages/toolchain-xtensa-esp32s3/bin/../lib/gcc/../../lib/gcc/xtensa-esp32s3-elf/8.4.0/../../../../xtensa-esp32s3-elf/sys-include"
ignoring duplicate directory "/Users/andrei/.platformio/packages/toolchain-xtensa-esp32s3/bin/../lib/gcc/../../lib/gcc/xtensa-esp32s3-elf/8.4.0/../../../../xtensa-esp32s3-elf/include"
#include "..." search starts here:
#include <...> search starts here:
 /Users/andrei/.platformio/packages/toolchain-xtensa-esp32s3/bin/../lib/gcc/xtensa-esp32s3-elf/8.4.0/include
 /Users/andrei/.platformio/packages/toolchain-xtensa-esp32s3/bin/../lib/gcc/xtensa-esp32s3-elf/8.4.0/include-fixed
 /Users/andrei/.platformio/packages/toolchain-xtensa-esp32s3/bin/../lib/gcc/xtensa-esp32s3-elf/8.4.0/../../../../xtensa-esp32s3-elf/sys-include
 /Users/andrei/.platformio/packages/toolchain-xtensa-esp32s3/bin/../lib/gcc/xtensa-esp32s3-elf/8.4.0/../../../../xtensa-esp32s3-elf/include
End of search list.
GNU C17 (crosstool-NG esp-2021r2-patch5) version 8.4.0 (xtensa-esp32s3-elf)
	compiled by GNU C version Apple LLVM 13.0.0 (clang-1300.0.27.3), GMP version 6.2.1, MPFR version 4.1.0, MPC version 1.2.1, isl version isl-0.19-GMP

GGC heuristics: --param ggc-min-expand=100 --param ggc-min-heapsize=131072
Compiler executable checksum: c88c7bf3c06467efe59d2eba505642fa
COLLECT_GCC_OPTIONS='-mlongcalls' '-v' '-o' 'CMakeFiles/cmTC_05455.dir/CMakeCCompilerABI.c.obj' '-c'
 /Users/andrei/.platformio/packages/toolchain-xtensa-esp32s3/bin/../lib/gcc/xtensa-esp32s3-elf/8.4.0/../../../../xtensa-esp32s3-elf/bin/as --traditional-format --longcalls -o CMakeFiles/cmTC_05455.dir/CMakeCCompilerABI.c.obj /var/folders/r0/vt3fb6ds5cggl533sgtww4480000gn/T//ccsDm8N3.s
COMPILER_PATH=/Users/andrei/.platformio/packages/toolchain-xtensa-esp32s3/bin/../libexec/gcc/xtensa-esp32s3-elf/8.4.0/:/Users/andrei/.platformio/packages/toolchain-xtensa-esp32s3/bin/../libexec/gcc/:/Users/andrei/.platformio/packages/toolchain-xtensa-esp32s3/bin/../lib/gcc/xtensa-esp32s3-elf/8.4.0/../../../../xtensa-esp32s3-elf/bin/
LIBRARY_PATH=/Users/andrei/.platformio/packages/toolchain-xtensa-esp32s3/bin/../lib/gcc/xtensa-esp32s3-elf/8.4.0/:/Users/andrei/.platformio/packages/toolchain-xtensa-esp32s3/bin/../lib/gcc/:/Users/andrei/.platformio/packages/toolchain-xtensa-esp32s3/bin/../lib/gcc/xtensa-esp32s3-elf/8.4.0/../../../../xtensa-esp32s3-elf/lib/
COLLECT_GCC_OPTIONS='-mlongcalls' '-v' '-o' 'CMakeFiles/cmTC_05455.dir/CMakeCCompilerABI.c.obj' '-c'
[2/2] Linking C executable cmTC_05455
Using built-in specs.
COLLECT_GCC=/Users/andrei/.platformio/packages/toolchain-xtensa-esp32s3/bin/xtensa-esp32s3-elf-gcc
COLLECT_LTO_WRAPPER=/Users/andrei/.platformio/packages/toolchain-xtensa-esp32s3/bin/../libexec/gcc/xtensa-esp32s3-elf/8.4.0/lto-wrapper
Target: xtensa-esp32s3-elf
Configured with: /Users/brnomac003/.gitlab-runner/builds/qR2TxTby/1/idf/crosstool-NG/.build/xtensa-esp32s3-elf/src/gcc/configure --build=aarch64-build_apple-darwin21.4.0 --host=aarch64-build_apple-darwin21.4.0 --target=xtensa-esp32s3-elf --prefix=/Users/brnomac003/.gitlab-runner/builds/qR2TxTby/1/idf/crosstool-NG/builds/xtensa-esp32s3-elf --exec_prefix=/Users/brnomac003/.gitlab-runner/builds/qR2TxTby/1/idf/crosstool-NG/builds/xtensa-esp32s3-elf --with-local-prefix=/Users/brnomac003/.gitlab-runner/builds/qR2TxTby/1/idf/crosstool-NG/builds/xtensa-esp32s3-elf/xtensa-esp32s3-elf --with-headers=/Users/brnomac003/.gitlab-runner/builds/qR2TxTby/1/idf/crosstool-NG/builds/xtensa-esp32s3-elf/xtensa-esp32s3-elf/include --with-newlib --enable-threads=no --disable-shared --with-pkgversion='crosstool-NG esp-2021r2-patch5' --disable-__cxa_atexit --enable-cxx-flags=-ffunction-sections --disable-libgomp --disable-libmudflap --disable-libmpx --disable-libssp --disable-libquadmath --disable-libquadmath-support --disable-libstdcxx-verbose --with-gmp=/Users/brnomac003/.gitlab-runner/builds/qR2TxTby/1/idf/crosstool-NG/.build/xtensa-esp32s3-elf/buildtools --with-mpfr=/Users/brnomac003/.gitlab-runner/builds/qR2TxTby/1/idf/crosstool-NG/.build/xtensa-esp32s3-elf/buildtools --with-mpc=/Users/brnomac003/.gitlab-runner/builds/qR2TxTby/1/idf/crosstool-NG/.build/xtensa-esp32s3-elf/buildtools --with-isl=/Users/brnomac003/.gitlab-runner/builds/qR2TxTby/1/idf/crosstool-NG/.build/xtensa-esp32s3-elf/buildtools --enable-lto --enable-target-optspace --without-long-double-128 --disable-nls --enable-multiarch --enable-languages=c,c++ --disable-libstdcxx-verbose --enable-threads=posix --enable-gcov-custom-rtio --enable-libstdcxx-time=yes
Thread model: posix
gcc version 8.4.0 (crosstool-NG esp-2021r2-patch5) 
COMPILER_PATH=/Users/andrei/.platformio/packages/toolchain-xtensa-esp32s3/bin/../libexec/gcc/xtensa-esp32s3-elf/8.4.0/:/Users/andrei/.platformio/packages/toolchain-xtensa-esp32s3/bin/../libexec/gcc/:/Users/andrei/.platformio/packages/toolchain-xtensa-esp32s3/bin/../lib/gcc/xtensa-esp32s3-elf/8.4.0/../../../../xtensa-esp32s3-elf/bin/
LIBRARY_PATH=/Users/andrei/.platformio/packages/toolchain-xtensa-esp32s3/bin/../lib/gcc/xtensa-esp32s3-elf/8.4.0/:/Users/andrei/.platformio/packages/toolchain-xtensa-esp32s3/bin/../lib/gcc/:/Users/andrei/.platformio/packages/toolchain-xtensa-esp32s3/bin/../lib/gcc/xtensa-esp32s3-elf/8.4.0/../../../../xtensa-esp32s3-elf/lib/
COLLECT_GCC_OPTIONS='-mlongcalls' '-v' '-o' 'cmTC_05455'
 /Users/andrei/.platformio/packages/toolchain-xtensa-esp32s3/bin/../libexec/gcc/xtensa-esp32s3-elf/8.4.0/collect2 -plugin /Users/andrei/.platformio/packages/toolchain-xtensa-esp32s3/bin/../libexec/gcc/xtensa-esp32s3-elf/8.4.0/liblto_plugin.so -plugin-opt=/Users/andrei/.platformio/packages/toolchain-xtensa-esp32s3/bin/../libexec/gcc/xtensa-esp32s3-elf/8.4.0/lto-wrapper -plugin-opt=-fresolution=/var/folders/r0/vt3fb6ds5cggl533sgtww4480000gn/T//ccko8o9L.res -plugin-opt=-pass-through=-lgcc -plugin-opt=-pass-through=-lc -plugin-opt=-pass-through=-lnosys -plugin-opt=-pass-through=-lc -plugin-opt=-pass-through=-lgcc -o cmTC_05455 /Users/andrei/.platformio/packages/toolchain-xtensa-esp32s3/bin/../lib/gcc/xtensa-esp32s3-elf/8.4.0/../../../../xtensa-esp32s3-elf/lib/crt0.o /Users/andrei/.platformio/packages/toolchain-xtensa-esp32s3/bin/../lib/gcc/xtensa-esp32s3-elf/8.4.0/crti.o /Users/andrei/.platformio/packages/toolchain-xtensa-esp32s3/bin/../lib/gcc/xtensa-esp32s3-elf/8.4.0/crtbegin.o -L/Users/andrei/.platformio/packages/toolchain-xtensa-esp32s3/bin/../lib/gcc/xtensa-esp32s3-elf/8.4.0 -L/Users/andrei/.platformio/packages/toolchain-xtensa-esp32s3/bin/../lib/gcc -L/Users/andrei/.platformio/packages/toolchain-xtensa-esp32s3/bin/../lib/gcc/xtensa-esp32s3-elf/8.4.0/../../../../xtensa-esp32s3-elf/lib CMakeFiles/cmTC_05455.dir/CMakeCCompilerABI.c.obj -lgcc -lc -lnosys -lc -lgcc /Users/andrei/.platformio/packages/toolchain-xtensa-esp32s3/bin/../lib/gcc/xtensa-esp32s3-elf/8.4.0/crtend.o /Users/andrei/.platformio/packages/toolchain-xtensa-esp32s3/bin/../lib/gcc/xtensa-esp32s3-elf/8.4.0/crtn.o
COLLECT_GCC_OPTIONS='-mlongcalls' '-v' '-o' 'cmTC_05455'



Parsed C implicit include dir info from above output: rv=done
  found start of include info
  found start of implicit include info
    add: [/Users/andrei/.platformio/packages/toolchain-xtensa-esp32s3/bin/../lib/gcc/xtensa-esp32s3-elf/8.4.0/include]
    add: [/Users/andrei/.platformio/packages/toolchain-xtensa-esp32s3/bin/../lib/gcc/xtensa-esp32s3-elf/8.4.0/include-fixed]
    add: [/Users/andrei/.platformio/packages/toolchain-xtensa-esp32s3/bin/../lib/gcc/xtensa-esp32s3-elf/8.4.0/../../../../xtensa-esp32s3-elf/sys-include]
    add: [/Users/andrei/.platformio/packages/toolchain-xtensa-esp32s3/bin/../lib/gcc/xtensa-esp32s3-elf/8.4.0/../../../../xtensa-esp32s3-elf/include]
  end of search list found
  collapse include dir [/Users/andrei/.platformio/packages/toolchain-xtensa-esp32s3/bin/../lib/gcc/xtensa-esp32s3-elf/8.4.0/include] ==> [/Users/andrei/.platformio/packages/toolchain-xtensa-esp32s3/lib/gcc/xtensa-esp32s3-elf/8.4.0/include]
  collapse include dir [/Users/andrei/.platformio/packages/toolchain-xtensa-esp32s3/bin/../lib/gcc/xtensa-esp32s3-elf/8.4.0/include-fixed] ==> [/Users/andrei/.platformio/packages/toolchain-xtensa-esp32s3/lib/gcc/xtensa-esp32s3-elf/8.4.0/include-fixed]
  collapse include dir [/Users/andrei/.platformio/packages/toolchain-xtensa-esp32s3/bin/../lib/gcc/xtensa-esp32s3-elf/8.4.0/../../../../xtensa-esp32s3-elf/sys-include] ==> [/Users/andrei/.platformio/packages/toolchain-xtensa-esp32s3/xtensa-esp32s3-elf/sys-include]
  collapse include dir [/Users/andrei/.platformio/packages/toolchain-xtensa-esp32s3/bin/../lib/gcc/xtensa-esp32s3-elf/8.4.0/../../../../xtensa-esp32s3-elf/include] ==> [/Users/andrei/.platformio/packages/toolchain-xtensa-esp32s3/xtensa-esp32s3-elf/include]
  implicit include dirs: [/Users/andrei/.platformio/packages/toolchain-xtensa-esp32s3/lib/gcc/xtensa-esp32s3-elf/8.4.0/include;/Users/andrei/.platformio/packages/toolchain-xtensa-esp32s3/lib/gcc/xtensa-esp32s3-elf/8.4.0/include-fixed;/Users/andrei/.platformio/packages/toolchain-xtensa-esp32s3/xtensa-esp32s3-elf/sys-include;/Users/andrei/.platformio/packages/toolchain-xtensa-esp32s3/xtensa-esp32s3-elf/include]


Parsed C implicit link information from above output:
  link line regex: [^( *|.*[/\])(xtensa-esp32s3-elf-ld|CMAKE_LINK_STARTFILE-NOTFOUND|([^/\]+-)?ld|collect2)[^/\]*( |$)]
  ignore line: [Change Dir: /Users/andrei/Documents/ICLR/Ricardo-FlintandSteel/Firmware/.pio/build/esp32s3/bootloader/CMakeFiles/CMakeTmp]
  ignore line: []
  ignore line: [Run Build Command(s):/Users/andrei/.platformio/packages/tool-ninja/ninja cmTC_05455 && [1/2] Building C object CMakeFiles/cmTC_05455.dir/CMakeCCompilerABI.c.obj]
  ignore line: [Using built-in specs.]
  ignore line: [COLLECT_GCC=/Users/andrei/.platformio/packages/toolchain-xtensa-esp32s3/bin/xtensa-esp32s3-elf-gcc]
  ignore line: [Target: xtensa-esp32s3-elf]
  ignore line: [Configured with: /Users/brnomac003/.gitlab-runner/builds/qR2TxTby/1/idf/crosstool-NG/.build/xtensa-esp32s3-elf/src/gcc/configure --build=aarch64-build_apple-darwin21.4.0 --host=aarch64-build_apple-darwin21.4.0 --target=xtensa-esp32s3-elf --prefix=/Users/brnomac003/.gitlab-runner/builds/qR2TxTby/1/idf/crosstool-NG/builds/xtensa-esp32s3-elf --exec_prefix=/Users/brnomac003/.gitlab-runner/builds/qR2TxTby/1/idf/crosstool-NG/builds/xtensa-esp32s3-elf --with-local-prefix=/Users/brnomac003/.gitlab-runner/builds/qR2TxTby/1/idf/crosstool-NG/builds/xtensa-esp32s3-elf/xtensa-esp32s3-elf --with-headers=/Users/brnomac003/.gitlab-runner/builds/qR2TxTby/1/idf/crosstool-NG/builds/xtensa-esp32s3-elf/xtensa-esp32s3-elf/include --with-newlib --enable-threads=no --disable-shared --with-pkgversion='crosstool-NG esp-2021r2-patch5' --disable-__cxa_atexit --enable-cxx-flags=-ffunction-sections --disable-libgomp --disable-libmudflap --disable-libmpx --disable-libssp --disable-libquadmath --disable-libquadmath-support --disable-libstdcxx-verbose --with-gmp=/Users/brnomac003/.gitlab-runner/builds/qR2TxTby/1/idf/crosstool-NG/.build/xtensa-esp32s3-elf/buildtools --with-mpfr=/Users/brnomac003/.gitlab-runner/builds/qR2TxTby/1/idf/crosstool-NG/.build/xtensa-esp32s3-elf/buildtools --with-mpc=/Users/brnomac003/.gitlab-runner/builds/qR2TxTby/1/idf/crosstool-NG/.build/xtensa-esp32s3-elf/buildtools --with-isl=/Users/brnomac003/.gitlab-runner/builds/qR2TxTby/1/idf/crosstool-NG/.build/xtensa-esp32s3-elf/buildtools --enable-lto --enable-target-optspace --without-long-double-128 --disable-nls --enable-multiarch --enable-languages=c c++ --disable-libstdcxx-verbose --enable-threads=posix --enable-gcov-custom-rtio --enable-libstdcxx-time=yes]
  ignore line: [Thread model: posix]
  ignore line: [gcc version 8.4.0 (crosstool-NG esp-2021r2-patch5) ]
  ignore line: [COLLECT_GCC_OPTIONS='-mlongcalls' '-v' '-o' 'CMakeFiles/cmTC_05455.dir/CMakeCCompilerABI.c.obj' '-c']
  ignore line: [ /Users/andrei/.platformio/packages/toolchain-xtensa-esp32s3/bin/../libexec/gcc/xtensa-esp32s3-elf/8.4.0/cc1 -quiet -v -iprefix /Users/andrei/.platformio/packages/toolchain-xtensa-esp32s3/bin/../lib/gcc/xtensa-esp32s3-elf/8.4.0/ /Users/andrei/.platformio/packages/tool-cmake/share/cmake-3.16/Modules/CMakeCCompilerABI.c -quiet -dumpbase CMakeCCompilerABI.c -mlongcalls -auxbase-strip CMakeFiles/cmTC_05455.dir/CMakeCCompilerABI.c.obj -version -o /var/folders/r0/vt3fb6ds5cggl533sgtww4480000gn/T//ccsDm8N3.s]
  ignore line: [GNU C17 (crosstool-NG esp-2021r2-patch5) version 8.4.0 (xtensa-esp32s3-elf)]
  ignore line: [	compiled by GNU C version Apple LLVM 13.0.0 (clang-1300.0.27.3)  GMP version 6.2.1  MPFR version 4.1.0  MPC version 1.2.1  isl version isl-0.19-GMP]
  ignore line: []
  ignore line: [GGC heuristics: --param ggc-min-expand=100 --param ggc-min-heapsize=131072]
  ignore line: [ignoring duplicate directory "/Users/andrei/.platformio/packages/toolchain-xtensa-esp32s3/bin/../lib/gcc/../../lib/gcc/xtensa-esp32s3-elf/8.4.0/include"]
  ignore line: [ignoring duplicate directory "/Users/andrei/.platformio/packages/toolchain-xtensa-esp32s3/bin/../lib/gcc/../../lib/gcc/xtensa-esp32s3-elf/8.4.0/include-fixed"]
  ignore line: [ignoring duplicate directory "/Users/andrei/.platformio/packages/toolchain-xtensa-esp32s3/bin/../lib/gcc/../../lib/gcc/xtensa-esp32s3-elf/8.4.0/../../../../xtensa-esp32s3-elf/sys-include"]
  ignore line: [ignoring duplicate directory "/Users/andrei/.platformio/packages/toolchain-xtensa-esp32s3/bin/../lib/gcc/../../lib/gcc/xtensa-esp32s3-elf/8.4.0/../../../../xtensa-esp32s3-elf/include"]
  ignore line: [#include "..." search starts here:]
  ignore line: [#include <...> search starts here:]
  ignore line: [ /Users/andrei/.platformio/packages/toolchain-xtensa-esp32s3/bin/../lib/gcc/xtensa-esp32s3-elf/8.4.0/include]
  ignore line: [ /Users/andrei/.platformio/packages/toolchain-xtensa-esp32s3/bin/../lib/gcc/xtensa-esp32s3-elf/8.4.0/include-fixed]
  ignore line: [ /Users/andrei/.platformio/packages/toolchain-xtensa-esp32s3/bin/../lib/gcc/xtensa-esp32s3-elf/8.4.0/../../../../xtensa-esp32s3-elf/sys-include]
  ignore line: [ /Users/andrei/.platformio/packages/toolchain-xtensa-esp32s3/bin/../lib/gcc/xtensa-esp32s3-elf/8.4.0/../../../../xtensa-esp32s3-elf/include]
  ignore line: [End of search list.]
  ignore line: [GNU C17 (crosstool-NG esp-2021r2-patch5) version 8.4.0 (xtensa-esp32s3-elf)]
  ignore line: [	compiled by GNU C version Apple LLVM 13.0.0 (clang-1300.0.27.3)  GMP version 6.2.1  MPFR version 4.1.0  MPC version 1.2.1  isl version isl-0.19-GMP]
  ignore line: []
  ignore line: [GGC heuristics: --param ggc-min-expand=100 --param ggc-min-heapsize=131072]
  ignore line: [Compiler executable checksum: c88c7bf3c06467efe59d2eba505642fa]
  ignore line: [COLLECT_GCC_OPTIONS='-mlongcalls' '-v' '-o' 'CMakeFiles/cmTC_05455.dir/CMakeCCompilerABI.c.obj' '-c']
  ignore line: [ /Users/andrei/.platformio/packages/toolchain-xtensa-esp32s3/bin/../lib/gcc/xtensa-esp32s3-elf/8.4.0/../../../../xtensa-esp32s3-elf/bin/as --traditional-format --longcalls -o CMakeFiles/cmTC_05455.dir/CMakeCCompilerABI.c.obj /var/folders/r0/vt3fb6ds5cggl533sgtww4480000gn/T//ccsDm8N3.s]
  ignore line: [COMPILER_PATH=/Users/andrei/.platformio/packages/toolchain-xtensa-esp32s3/bin/../libexec/gcc/xtensa-esp32s3-elf/8.4.0/:/Users/andrei/.platformio/packages/toolchain-xtensa-esp32s3/bin/../libexec/gcc/:/Users/andrei/.platformio/packages/toolchain-xtensa-esp32s3/bin/../lib/gcc/xtensa-esp32s3-elf/8.4.0/../../../../xtensa-esp32s3-elf/bin/]
  ignore line: [LIBRARY_PATH=/Users/andrei/.platformio/packages/toolchain-xtensa-esp32s3/bin/../lib/gcc/xtensa-esp32s3-elf/8.4.0/:/Users/andrei/.platformio/packages/toolchain-xtensa-esp32s3/bin/../lib/gcc/:/Users/andrei/.platformio/packages/toolchain-xtensa-esp32s3/bin/../lib/gcc/xtensa-esp32s3-elf/8.4.0/../../../../xtensa-esp32s3-elf/lib/]
  ignore line: [COLLECT_GCC_OPTIONS='-mlongcalls' '-v' '-o' 'CMakeFiles/cmTC_05455.dir/CMakeCCompilerABI.c.obj' '-c']
  ignore line: [[2/2] Linking C executable cmTC_05455]
  ignore line: [Using built-in specs.]
  ignore line: [COLLECT_GCC=/Users/andrei/.platformio/packages/toolchain-xtensa-esp32s3/bin/xtensa-esp32s3-elf-gcc]
  ignore line: [COLLECT_LTO_WRAPPER=/Users/andrei/.platformio/packages/toolchain-xtensa-esp32s3/bin/../libexec/gcc/xtensa-esp32s3-elf/8.4.0/lto-wrapper]
  ignore line: [Target: xtensa-esp32s3-elf]
  ignore line: [Configured with: /Users/brnomac003/.gitlab-runner/builds/qR2TxTby/1/idf/crosstool-NG/.build/xtensa-esp32s3-elf/src/gcc/configure --build=aarch64-build_apple-darwin21.4.0 --host=aarch64-build_apple-darwin21.4.0 --target=xtensa-esp32s3-elf --prefix=/Users/brnomac003/.gitlab-runner/builds/qR2TxTby/1/idf/crosstool-NG/builds/xtensa-esp32s3-elf --exec_prefix=/Users/brnomac003/.gitlab-runner/builds/qR2TxTby/1/idf/crosstool-NG/builds/xtensa-esp32s3-elf --with-local-prefix=/Users/brnomac003/.gitlab-runner/builds/qR2TxTby/1/idf/crosstool-NG/builds/xtensa-esp32s3-elf/xtensa-esp32s3-elf --with-headers=/Users/brnomac003/.gitlab-runner/builds/qR2TxTby/1/idf/crosstool-NG/builds/xtensa-esp32s3-elf/xtensa-esp32s3-elf/include --with-newlib --enable-threads=no --disable-shared --with-pkgversion='crosstool-NG esp-2021r2-patch5' --disable-__cxa_atexit --enable-cxx-flags=-ffunction-sections --disable-libgomp --disable-libmudflap --disable-libmpx --disable-libssp --disable-libquadmath --disable-libquadmath-support --disable-libstdcxx-verbose --with-gmp=/Users/brnomac003/.gitlab-runner/builds/qR2TxTby/1/idf/crosstool-NG/.build/xtensa-esp32s3-elf/buildtools --with-mpfr=/Users/brnomac003/.gitlab-runner/builds/qR2TxTby/1/idf/crosstool-NG/.build/xtensa-esp32s3-elf/buildtools --with-mpc=/Users/brnomac003/.gitlab-runner/builds/qR2TxTby/1/idf/crosstool-NG/.build/xtensa-esp32s3-elf/buildtools --with-isl=/Users/brnomac003/.gitlab-runner/builds/qR2TxTby/1/idf/crosstool-NG/.build/xtensa-esp32s3-elf/buildtools --enable-lto --enable-target-optspace --without-long-double-128 --disable-nls --enable-multiarch --enable-languages=c c++ --disable-libstdcxx-verbose --enable-threads=posix --enable-gcov-custom-rtio --enable-libstdcxx-time=yes]
  ignore line: [Thread model: posix]
  ignore line: [gcc version 8.4.0 (crosstool-NG esp-2021r2-patch5) ]
  ignore line: [COMPILER_PATH=/Users/andrei/.platformio/packages/toolchain-xtensa-esp32s3/bin/../libexec/gcc/xtensa-esp32s3-elf/8.4.0/:/Users/andrei/.platformio/packages/toolchain-xtensa-esp32s3/bin/../libexec/gcc/:/Users/andrei/.platformio/packages/toolchain-xtensa-esp32s3/bin/../lib/gcc/xtensa-esp32s3-elf/8.4.0/../../../../xtensa-esp32s3-elf/bin/]
  ignore line: [LIBRARY_PATH=/Users/andrei/.platformio/packages/toolchain-xtensa-esp32s3/bin/../lib/gcc/xtensa-esp32s3-elf/8.4.0/:/Users/andrei/.platformio/packages/toolchain-xtensa-esp32s3/bin/../lib/gcc/:/Users/andrei/.platformio/packages/toolchain-xtensa-esp32s3/bin/../lib/gcc/xtensa-esp32s3-elf/8.4.0/../../../../xtensa-esp32s3-elf/lib/]
  ignore line: [COLLECT_GCC_OPTIONS='-mlongcalls' '-v' '-o' 'cmTC_05455']
  link line: [ /Users/andrei/.platformio/packages/toolchain-xtensa-esp32s3/bin/../libexec/gcc/xtensa-esp32s3-elf/8.4.0/collect2 -plugin /Users/andrei/.platformio/packages/toolchain-xtensa-esp32s3/bin/../libexec/gcc/xtensa-esp32s3-elf/8.4.0/liblto_plugin.so -plugin-opt=/Users/andrei/.platformio/packages/toolchain-xtensa-esp32s3/bin/../libexec/gcc/xtensa-esp32s3-elf/8.4.0/lto-wrapper -plugin-opt=-fresolution=/var/folders/r0/vt3fb6ds5cggl533sgtww4480000gn/T//ccko8o9L.res -plugin-opt=-pass-through=-lgcc -plugin-opt=-pass-through=-lc -plugin-opt=-pass-through=-lnosys -plugin-opt=-pass-through=-lc -plugin-opt=-pass-through=-lgcc -o cmTC_05455 /Users/andrei/.platformio/packages/toolchain-xtensa-esp32s3/bin/../lib/gcc/xtensa-esp32s3-elf/8.4.0/../../../../xtensa-esp32s3-elf/lib/crt0.o /Users/andrei/.platformio/packages/toolchain-xtensa-esp32s3/bin/../lib/gcc/xtensa-esp32s3-elf/8.4.0/crti.o /Users/andrei/.platformio/packages/toolchain-xtensa-esp32s3/bin/../lib/gcc/xtensa-esp32s3-elf/8.4.0/crtbegin.o -L/Users/andrei/.platformio/packages/toolchain-xtensa-esp32s3/bin/../lib/gcc/xtensa-esp32s3-elf/8.4.0 -L/Users/andrei/.platformio/packages/toolchain-xtensa-esp32s3/bin/../lib/gcc -L/Users/andrei/.platformio/packages/toolchain-xtensa-esp32s3/bin/../lib/gcc/xtensa-esp32s3-elf/8.4.0/../../../../xtensa-esp32s3-elf/lib CMakeFiles/cmTC_05455.dir/CMakeCCompilerABI.c.obj -lgcc -lc -lnosys -lc -lgcc /Users/andrei/.platformio/packages/toolchain-xtensa-esp32s3/bin/../lib/gcc/xtensa-esp32s3-elf/8.4.0/crtend.o /Users/andrei/.platformio/packages/toolchain-xtensa-esp32s3/bin/../lib/gcc/xtensa-esp32s3-elf/8.4.0/crtn.o]
    arg [/Users/andrei/.platformio/packages/toolchain-xtensa-esp32s3/bin/../libexec/gcc/xtensa-esp32s3-elf/8.4.0/collect2] ==> ignore
    arg [-plugin] ==> ignore
    arg [/Users/andrei/.platformio/packages/toolchain-xtensa-esp32s3/bin/../libexec/gcc/xtensa-esp32s3-elf/8.4.0/liblto_plugin.so] ==> ignore
    arg [-plugin-opt=/Users/andrei/.platformio/packages/toolchain-xtensa-esp32s3/bin/../libexec/gcc/xtensa-esp32s3-elf/8.4.0/lto-wrapper] ==> ignore
    arg [-plugin-opt=-fresolution=/var/folders/r0/vt3fb6ds5cggl533sgtww4480000gn/T//ccko8o9L.res] ==> ignore
    arg [-plugin-opt=-pass-through=-lgcc] ==> ignore
    arg [-plugin-opt=-pass-through=-lc] ==> ignore
    arg [-plugin-opt=-pass-through=-lnosys] ==> ignore
    arg [-plugin-opt=-pass-through=-lc] ==> ignore
    arg [-plugin-opt=-pass-through=-lgcc] ==> ignore
    arg [-o] ==> ignore
    arg [cmTC_05455] ==> ignore
    arg [/Users/andrei/.platformio/packages/toolchain-xtensa-esp32s3/bin/../lib/gcc/xtensa-esp32s3-elf/8.4.0/../../../../xtensa-esp32s3-elf/lib/crt0.o] ==> ignore
    arg [/Users/andrei/.platformio/packages/toolchain-xtensa-esp32s3/bin/../lib/gcc/xtensa-esp32s3-elf/8.4.0/crti.o] ==> ignore
    arg [/Users/andrei/.platformio/packages/toolchain-xtensa-esp32s3/bin/../lib/gcc/xtensa-esp32s3-elf/8.4.0/crtbegin.o] ==> ignore
    arg [-L/Users/andrei/.platformio/packages/toolchain-xtensa-esp32s3/bin/../lib/gcc/xtensa-esp32s3-elf/8.4.0] ==> dir [/Users/andrei/.platformio/packages/toolchain-xtensa-esp32s3/bin/../lib/gcc/xtensa-esp32s3-elf/8.4.0]
    arg [-L/Users/andrei/.platformio/packages/toolchain-xtensa-esp32s3/bin/../lib/gcc] ==> dir [/Users/andrei/.platformio/packages/toolchain-xtensa-esp32s3/bin/../lib/gcc]
    arg [-L/Users/andrei/.platformio/packages/toolchain-xtensa-esp32s3/bin/../lib/gcc/xtensa-esp32s3-elf/8.4.0/../../../../xtensa-esp32s3-elf/lib] ==> dir [/Users/andrei/.platformio/packages/toolchain-xtensa-esp32s3/bin/../lib/gcc/xtensa-esp32s3-elf/8.4.0/../../../../xtensa-esp32s3-elf/lib]
    arg [CMakeFiles/cmTC_05455.dir/CMakeCCompilerABI.c.obj] ==> ignore
    arg [-lgcc] ==> lib [gcc]
    arg [-lc] ==> lib [c]
    arg [-lnosys] ==> lib [nosys]
    arg [-lc] ==> lib [c]
    arg [-lgcc] ==> lib [gcc]
    arg [/Users/andrei/.platformio/packages/toolchain-xtensa-esp32s3/bin/../lib/gcc/xtensa-esp32s3-elf/8.4.0/crtend.o] ==> ignore
    arg [/Users/andrei/.platformio/packages/toolchain-xtensa-esp32s3/bin/../lib/gcc/xtensa-esp32s3-elf/8.4.0/crtn.o] ==> ignore
  collapse library dir [/Users/andrei/.platformio/packages/toolchain-xtensa-esp32s3/bin/../lib/gcc/xtensa-esp32s3-elf/8.4.0] ==> [/Users/andrei/.platformio/packages/toolchain-xtensa-esp32s3/lib/gcc/xtensa-esp32s3-elf/8.4.0]
  collapse library dir [/Users/andrei/.platformio/packages/toolchain-xtensa-esp32s3/bin/../lib/gcc] ==> [/Users/andrei/.platformio/packages/toolchain-xtensa-esp32s3/lib/gcc]
  collapse library dir [/Users/andrei/.platformio/packages/toolchain-xtensa-esp32s3/bin/../lib/gcc/xtensa-esp32s3-elf/8.4.0/../../../../xtensa-esp32s3-elf/lib] ==> [/Users/andrei/.platformio/packages/toolchain-xtensa-esp32s3/xtensa-esp32s3-elf/lib]
  implicit libs: [gcc;c;nosys;c;gcc]
  implicit dirs: [/Users/andrei/.platformio/packages/toolchain-xtensa-esp32s3/lib/gcc/xtensa-esp32s3-elf/8.4.0;/Users/andrei/.platformio/packages/toolchain-xtensa-esp32s3/lib/gcc;/Users/andrei/.platformio/packages/toolchain-xtensa-esp32s3/xtensa-esp32s3-elf/lib]
  implicit fwks: []


Determining if the CXX compiler works passed with the following output:
Change Dir: /Users/andrei/Documents/ICLR/Ricardo-FlintandSteel/Firmware/.pio/build/esp32s3/bootloader/CMakeFiles/CMakeTmp

Run Build Command(s):/Users/andrei/.platformio/packages/tool-ninja/ninja cmTC_4f605 && [1/2] Building CXX object CMakeFiles/cmTC_4f605.dir/testCXXCompiler.cxx.obj
[2/2] Linking CXX executable cmTC_4f605



Detecting CXX compiler ABI info compiled with the following output:
Change Dir: /Users/andrei/Documents/ICLR/Ricardo-FlintandSteel/Firmware/.pio/build/esp32s3/bootloader/CMakeFiles/CMakeTmp

Run Build Command(s):/Users/andrei/.platformio/packages/tool-ninja/ninja cmTC_96ee3 && [1/2] Building CXX object CMakeFiles/cmTC_96ee3.dir/CMakeCXXCompilerABI.cpp.obj
Using built-in specs.
COLLECT_GCC=/Users/andrei/.platformio/packages/toolchain-xtensa-esp32s3/bin/xtensa-esp32s3-elf-g++
Target: xtensa-esp32s3-elf
Configured with: /Users/brnomac003/.gitlab-runner/builds/qR2TxTby/1/idf/crosstool-NG/.build/xtensa-esp32s3-elf/src/gcc/configure --build=aarch64-build_apple-darwin21.4.0 --host=aarch64-build_apple-darwin21.4.0 --target=xtensa-esp32s3-elf --prefix=/Users/brnomac003/.gitlab-runner/builds/qR2TxTby/1/idf/crosstool-NG/builds/xtensa-esp32s3-elf --exec_prefix=/Users/brnomac003/.gitlab-runner/builds/qR2TxTby/1/idf/crosstool-NG/builds/xtensa-esp32s3-elf --with-local-prefix=/Users/brnomac003/.gitlab-runner/builds/qR2TxTby/1/idf/crosstool-NG/builds/xtensa-esp32s3-elf/xtensa-esp32s3-elf --with-headers=/Users/brnomac003/.gitlab-runner/builds/qR2TxTby/1/idf/crosstool-NG/builds/xtensa-esp32s3-elf/xtensa-esp32s3-elf/include --with-newlib --enable-threads=no --disable-shared --with-pkgversion='crosstool-NG esp-2021r2-patch5' --disable-__cxa_atexit --enable-cxx-flags=-ffunction-sections --disable-libgomp --disable-libmudflap --disable-libmpx --disable-libssp --disable-libquadmath --disable-libquadmath-support --disable-libstdcxx-verbose --with-gmp=/Users/brnomac003/.gitlab-runner/builds/qR2TxTby/1/idf/crosstool-NG/.build/xtensa-esp32s3-elf/buildtools --with-mpfr=/Users/brnomac003/.gitlab-runner/builds/qR2TxTby/1/idf/crosstool-NG/.build/xtensa-esp32s3-elf/buildtools --with-mpc=/Users/brnomac003/.gitlab-runner/builds/qR2TxTby/1/idf/crosstool-NG/.build/xtensa-esp32s3-elf/buildtools --with-isl=/Users/brnomac003/.gitlab-runner/builds/qR2TxTby/1/idf/crosstool-NG/.build/xtensa-esp32s3-elf/buildtools --enable-lto --enable-target-optspace --without-long-double-128 --disable-nls --enable-multiarch --enable-languages=c,c++ --disable-libstdcxx-verbose --enable-threads=posix --enable-gcov-custom-rtio --enable-libstdcxx-time=yes
Thread model: posix
gcc version 8.4.0 (crosstool-NG esp-2021r2-patch5) 
COLLECT_GCC_OPTIONS='-mlongcalls' '-v' '-o' 'CMakeFiles/cmTC_96ee3.dir/CMakeCXXCompilerABI.cpp.obj' '-c'
 /Users/andrei/.platformio/packages/toolchain-xtensa-esp32s3/bin/../libexec/gcc/xtensa-esp32s3-elf/8.4.0/cc1plus -quiet -v -iprefix /Users/andrei/.platformio/packages/toolchain-xtensa-esp32s3/bin/../lib/gcc/xtensa-esp32s3-elf/8.4.0/ /Users/andrei/.platformio/packages/tool-cmake/share/cmake-3.16/Modules/CMakeCXXCompilerABI.cpp -quiet -dumpbase CMakeCXXCompilerABI.cpp -mlongcalls -auxbase-strip CMakeFiles/cmTC_96ee3.dir/CMakeCXXCompilerABI.cpp.obj -version -o /var/folders/r0/vt3fb6ds5cggl533sgtww4480000gn/T//ccsJPCfz.s
GNU C++14 (crosstool-NG esp-2021r2-patch5) version 8.4.0 (xtensa-esp32s3-elf)
	compiled by GNU C version Apple LLVM 13.0.0 (clang-1300.0.27.3), GMP version 6.2.1, MPFR version 4.1.0, MPC version 1.2.1, isl version isl-0.19-GMP

GGC heuristics: --param ggc-min-expand=100 --param ggc-min-heapsize=131072
ignoring duplicate directory "/Users/andrei/.platformio/packages/toolchain-xtensa-esp32s3/bin/../lib/gcc/../../lib/gcc/xtensa-esp32s3-elf/8.4.0/../../../../xtensa-esp32s3-elf/include/c++/8.4.0"
ignoring duplicate directory "/Users/andrei/.platformio/packages/toolchain-xtensa-esp32s3/bin/../lib/gcc/../../lib/gcc/xtensa-esp32s3-elf/8.4.0/../../../../xtensa-esp32s3-elf/include/c++/8.4.0/xtensa-esp32s3-elf"
ignoring duplicate directory "/Users/andrei/.platformio/packages/toolchain-xtensa-esp32s3/bin/../lib/gcc/../../lib/gcc/xtensa-esp32s3-elf/8.4.0/../../../../xtensa-esp32s3-elf/include/c++/8.4.0/backward"
ignoring duplicate directory "/Users/andrei/.platformio/packages/toolchain-xtensa-esp32s3/bin/../lib/gcc/../../lib/gcc/xtensa-esp32s3-elf/8.4.0/include"
ignoring duplicate directory "/Users/andrei/.platformio/packages/toolchain-xtensa-esp32s3/bin/../lib/gcc/../../lib/gcc/xtensa-esp32s3-elf/8.4.0/include-fixed"
ignoring duplicate directory "/Users/andrei/.platformio/packages/toolchain-xtensa-esp32s3/bin/../lib/gcc/../../lib/gcc/xtensa-esp32s3-elf/8.4.0/../../../../xtensa-esp32s3-elf/sys-include"
ignoring duplicate directory "/Users/andrei/.platformio/packages/toolchain-xtensa-esp32s3/bin/../lib/gcc/../../lib/gcc/xtensa-esp32s3-elf/8.4.0/../../../../xtensa-esp32s3-elf/include"
#include "..." search starts here:
#include <...> search starts here:
 /Users/andrei/.platformio/packages/toolchain-xtensa-esp32s3/bin/../lib/gcc/xtensa-esp32s3-elf/8.4.0/../../../../xtensa-esp32s3-elf/include/c++/8.4.0
 /Users/andrei/.platformio/packages/toolchain-xtensa-esp32s3/bin/../lib/gcc/xtensa-esp32s3-elf/8.4.0/../../../../xtensa-esp32s3-elf/include/c++/8.4.0/xtensa-esp32s3-elf
 /Users/andrei/.platformio/packages/toolchain-xtensa-esp32s3/bin/../lib/gcc/xtensa-esp32s3-elf/8.4.0/../../../../xtensa-esp32s3-elf/include/c++/8.4.0/backward
 /Users/andrei/.platformio/packages/toolchain-xtensa-esp32s3/bin/../lib/gcc/xtensa-esp32s3-elf/8.4.0/include
 /Users/andrei/.platformio/packages/toolchain-xtensa-esp32s3/bin/../lib/gcc/xtensa-esp32s3-elf/8.4.0/include-fixed
 /Users/andrei/.platformio/packages/toolchain-xtensa-esp32s3/bin/../lib/gcc/xtensa-esp32s3-elf/8.4.0/../../../../xtensa-esp32s3-elf/sys-include
 /Users/andrei/.platformio/packages/toolchain-xtensa-esp32s3/bin/../lib/gcc/xtensa-esp32s3-elf/8.4.0/../../../../xtensa-esp32s3-elf/include
End of search list.
GNU C++14 (crosstool-NG esp-2021r2-patch5) version 8.4.0 (xtensa-esp32s3-elf)
	compiled by GNU C version Apple LLVM 13.0.0 (clang-1300.0.27.3), GMP version 6.2.1, MPFR version 4.1.0, MPC version 1.2.1, isl version isl-0.19-GMP

GGC heuristics: --param ggc-min-expand=100 --param ggc-min-heapsize=131072
Compiler executable checksum: c1ee4c1768845d4c390854429e0c5e62
COLLECT_GCC_OPTIONS='-mlongcalls' '-v' '-o' 'CMakeFiles/cmTC_96ee3.dir/CMakeCXXCompilerABI.cpp.obj' '-c'
 /Users/andrei/.platformio/packages/toolchain-xtensa-esp32s3/bin/../lib/gcc/xtensa-esp32s3-elf/8.4.0/../../../../xtensa-esp32s3-elf/bin/as --traditional-format --longcalls -o CMakeFiles/cmTC_96ee3.dir/CMakeCXXCompilerABI.cpp.obj /var/folders/r0/vt3fb6ds5cggl533sgtww4480000gn/T//ccsJPCfz.s
COMPILER_PATH=/Users/andrei/.platformio/packages/toolchain-xtensa-esp32s3/bin/../libexec/gcc/xtensa-esp32s3-elf/8.4.0/:/Users/andrei/.platformio/packages/toolchain-xtensa-esp32s3/bin/../libexec/gcc/:/Users/andrei/.platformio/packages/toolchain-xtensa-esp32s3/bin/../lib/gcc/xtensa-esp32s3-elf/8.4.0/../../../../xtensa-esp32s3-elf/bin/
LIBRARY_PATH=/Users/andrei/.platformio/packages/toolchain-xtensa-esp32s3/bin/../lib/gcc/xtensa-esp32s3-elf/8.4.0/:/Users/andrei/.platformio/packages/toolchain-xtensa-esp32s3/bin/../lib/gcc/:/Users/andrei/.platformio/packages/toolchain-xtensa-esp32s3/bin/../lib/gcc/xtensa-esp32s3-elf/8.4.0/../../../../xtensa-esp32s3-elf/lib/
COLLECT_GCC_OPTIONS='-mlongcalls' '-v' '-o' 'CMakeFiles/cmTC_96ee3.dir/CMakeCXXCompilerABI.cpp.obj' '-c'
[2/2] Linking CXX executable cmTC_96ee3
Using built-in specs.
COLLECT_GCC=/Users/andrei/.platformio/packages/toolchain-xtensa-esp32s3/bin/xtensa-esp32s3-elf-g++
COLLECT_LTO_WRAPPER=/Users/andrei/.platformio/packages/toolchain-xtensa-esp32s3/bin/../libexec/gcc/xtensa-esp32s3-elf/8.4.0/lto-wrapper
Target: xtensa-esp32s3-elf
Configured with: /Users/brnomac003/.gitlab-runner/builds/qR2TxTby/1/idf/crosstool-NG/.build/xtensa-esp32s3-elf/src/gcc/configure --build=aarch64-build_apple-darwin21.4.0 --host=aarch64-build_apple-darwin21.4.0 --target=xtensa-esp32s3-elf --prefix=/Users/brnomac003/.gitlab-runner/builds/qR2TxTby/1/idf/crosstool-NG/builds/xtensa-esp32s3-elf --exec_prefix=/Users/brnomac003/.gitlab-runner/builds/qR2TxTby/1/idf/crosstool-NG/builds/xtensa-esp32s3-elf --with-local-prefix=/Users/brnomac003/.gitlab-runner/builds/qR2TxTby/1/idf/crosstool-NG/builds/xtensa-esp32s3-elf/xtensa-esp32s3-elf --with-headers=/Users/brnomac003/.gitlab-runner/builds/qR2TxTby/1/idf/crosstool-NG/builds/xtensa-esp32s3-elf/xtensa-esp32s3-elf/include --with-newlib --enable-threads=no --disable-shared --with-pkgversion='crosstool-NG esp-2021r2-patch5' --disable-__cxa_atexit --enable-cxx-flags=-ffunction-sections --disable-libgomp --disable-libmudflap --disable-libmpx --disable-libssp --disable-libquadmath --disable-libquadmath-support --disable-libstdcxx-verbose --with-gmp=/Users/brnomac003/.gitlab-runner/builds/qR2TxTby/1/idf/crosstool-NG/.build/xtensa-esp32s3-elf/buildtools --with-mpfr=/Users/brnomac003/.gitlab-runner/builds/qR2TxTby/1/idf/crosstool-NG/.build/xtensa-esp32s3-elf/buildtools --with-mpc=/Users/brnomac003/.gitlab-runner/builds/qR2TxTby/1/idf/crosstool-NG/.build/xtensa-esp32s3-elf/buildtools --with-isl=/Users/brnomac003/.gitlab-runner/builds/qR2TxTby/1/idf/crosstool-NG/.build/xtensa-esp32s3-elf/buildtools --enable-lto --enable-target-optspace --without-long-double-128 --disable-nls --enable-multiarch --enable-languages=c,c++ --disable-libstdcxx-verbose --enable-threads=posix --enable-gcov-custom-rtio --enable-libstdcxx-time=yes
Thread model: posix
gcc version 8.4.0 (crosstool-NG esp-2021r2-patch5) 
COMPILER_PATH=/Users/andrei/.platformio/packages/toolchain-xtensa-esp32s3/bin/../libexec/gcc/xtensa-esp32s3-elf/8.4.0/:/Users/andrei/.platformio/packages/toolchain-xtensa-esp32s3/bin/../libexec/gcc/:/Users/andrei/.platformio/packages/toolchain-xtensa-esp32s3/bin/../lib/gcc/xtensa-esp32s3-elf/8.4.0/../../../../xtensa-esp32s3-elf/bin/
LIBRARY_PATH=/Users/andrei/.platformio/packages/toolchain-xtensa-esp32s3/bin/../lib/gcc/xtensa-esp32s3-elf/8.4.0/:/Users/andrei/.platformio/packages/toolchain-xtensa-esp32s3/bin/../lib/gcc/:/Users/andrei/.platformio/packages/toolchain-xtensa-esp32s3/bin/../lib/gcc/xtensa-esp32s3-elf/8.4.0/../../../../xtensa-esp32s3-elf/lib/
COLLECT_GCC_OPTIONS='-mlongcalls' '-v' '-o' 'cmTC_96ee3'
 /Users/andrei/.platformio/packages/toolchain-xtensa-esp32s3/bin/../libexec/gcc/xtensa-esp32s3-elf/8.4.0/collect2 -plugin /Users/andrei/.platformio/packages/toolchain-xtensa-esp32s3/bin/../libexec/gcc/xtensa-esp32s3-elf/8.4.0/liblto_plugin.so -plugin-opt=/Users/andrei/.platformio/packages/toolchain-xtensa-esp32s3/bin/../libexec/gcc/xtensa-esp32s3-elf/8.4.0/lto-wrapper -plugin-opt=-fresolution=/var/folders/r0/vt3fb6ds5cggl533sgtww4480000gn/T//ccxa3hll.res -plugin-opt=-pass-through=-lgcc -plugin-opt=-pass-through=-lc -plugin-opt=-pass-through=-lnosys -plugin-opt=-pass-through=-lc -plugin-opt=-pass-through=-lgcc -o cmTC_96ee3 /Users/andrei/.platformio/packages/toolchain-xtensa-esp32s3/bin/../lib/gcc/xtensa-esp32s3-elf/8.4.0/../../../../xtensa-esp32s3-elf/lib/crt0.o /Users/andrei/.platformio/packages/toolchain-xtensa-esp32s3/bin/../lib/gcc/xtensa-esp32s3-elf/8.4.0/crti.o /Users/andrei/.platformio/packages/toolchain-xtensa-esp32s3/bin/../lib/gcc/xtensa-esp32s3-elf/8.4.0/crtbegin.o -L/Users/andrei/.platformio/packages/toolchain-xtensa-esp32s3/bin/../lib/gcc/xtensa-esp32s3-elf/8.4.0 -L/Users/andrei/.platformio/packages/toolchain-xtensa-esp32s3/bin/../lib/gcc -L/Users/andrei/.platformio/packages/toolchain-xtensa-esp32s3/bin/../lib/gcc/xtensa-esp32s3-elf/8.4.0/../../../../xtensa-esp32s3-elf/lib CMakeFiles/cmTC_96ee3.dir/CMakeCXXCompilerABI.cpp.obj -lstdc++ -lm -lgcc -lc -lnosys -lc -lgcc /Users/andrei/.platformio/packages/toolchain-xtensa-esp32s3/bin/../lib/gcc/xtensa-esp32s3-elf/8.4.0/crtend.o /Users/andrei/.platformio/packages/toolchain-xtensa-esp32s3/bin/../lib/gcc/xtensa-esp32s3-elf/8.4.0/crtn.o
COLLECT_GCC_OPTIONS='-mlongcalls' '-v' '-o' 'cmTC_96ee3'



Parsed CXX implicit include dir info from above output: rv=done
  found start of include info
  found start of implicit include info
    add: [/Users/andrei/.platformio/packages/toolchain-xtensa-esp32s3/bin/../lib/gcc/xtensa-esp32s3-elf/8.4.0/../../../../xtensa-esp32s3-elf/include/c++/8.4.0]
    add: [/Users/andrei/.platformio/packages/toolchain-xtensa-esp32s3/bin/../lib/gcc/xtensa-esp32s3-elf/8.4.0/../../../../xtensa-esp32s3-elf/include/c++/8.4.0/xtensa-esp32s3-elf]
    add: [/Users/andrei/.platformio/packages/toolchain-xtensa-esp32s3/bin/../lib/gcc/xtensa-esp32s3-elf/8.4.0/../../../../xtensa-esp32s3-elf/include/c++/8.4.0/backward]
    add: [/Users/andrei/.platformio/packages/toolchain-xtensa-esp32s3/bin/../lib/gcc/xtensa-esp32s3-elf/8.4.0/include]
    add: [/Users/andrei/.platformio/packages/toolchain-xtensa-esp32s3/bin/../lib/gcc/xtensa-esp32s3-elf/8.4.0/include-fixed]
    add: [/Users/andrei/.platformio/packages/toolchain-xtensa-esp32s3/bin/../lib/gcc/xtensa-esp32s3-elf/8.4.0/../../../../xtensa-esp32s3-elf/sys-include]
    add: [/Users/andrei/.platformio/packages/toolchain-xtensa-esp32s3/bin/../lib/gcc/xtensa-esp32s3-elf/8.4.0/../../../../xtensa-esp32s3-elf/include]
  end of search list found
  collapse include dir [/Users/andrei/.platformio/packages/toolchain-xtensa-esp32s3/bin/../lib/gcc/xtensa-esp32s3-elf/8.4.0/../../../../xtensa-esp32s3-elf/include/c++/8.4.0] ==> [/Users/andrei/.platformio/packages/toolchain-xtensa-esp32s3/xtensa-esp32s3-elf/include/c++/8.4.0]
  collapse include dir [/Users/andrei/.platformio/packages/toolchain-xtensa-esp32s3/bin/../lib/gcc/xtensa-esp32s3-elf/8.4.0/../../../../xtensa-esp32s3-elf/include/c++/8.4.0/xtensa-esp32s3-elf] ==> [/Users/andrei/.platformio/packages/toolchain-xtensa-esp32s3/xtensa-esp32s3-elf/include/c++/8.4.0/xtensa-esp32s3-elf]
  collapse include dir [/Users/andrei/.platformio/packages/toolchain-xtensa-esp32s3/bin/../lib/gcc/xtensa-esp32s3-elf/8.4.0/../../../../xtensa-esp32s3-elf/include/c++/8.4.0/backward] ==> [/Users/andrei/.platformio/packages/toolchain-xtensa-esp32s3/xtensa-esp32s3-elf/include/c++/8.4.0/backward]
  collapse include dir [/Users/andrei/.platformio/packages/toolchain-xtensa-esp32s3/bin/../lib/gcc/xtensa-esp32s3-elf/8.4.0/include] ==> [/Users/andrei/.platformio/packages/toolchain-xtensa-esp32s3/lib/gcc/xtensa-esp32s3-elf/8.4.0/include]
  collapse include dir [/Users/andrei/.platformio/packages/toolchain-xtensa-esp32s3/bin/../lib/gcc/xtensa-esp32s3-elf/8.4.0/include-fixed] ==> [/Users/andrei/.platformio/packages/toolchain-xtensa-esp32s3/lib/gcc/xtensa-esp32s3-elf/8.4.0/include-fixed]
  collapse include dir [/Users/andrei/.platformio/packages/toolchain-xtensa-esp32s3/bin/../lib/gcc/xtensa-esp32s3-elf/8.4.0/../../../../xtensa-esp32s3-elf/sys-include] ==> [/Users/andrei/.platformio/packages/toolchain-xtensa-esp32s3/xtensa-esp32s3-elf/sys-include]
  collapse include dir [/Users/andrei/.platformio/packages/toolchain-xtensa-esp32s3/bin/../lib/gcc/xtensa-esp32s3-elf/8.4.0/../../../../xtensa-esp32s3-elf/include] ==> [/Users/andrei/.platformio/packages/toolchain-xtensa-esp32s3/xtensa-esp32s3-elf/include]
  implicit include dirs: [/Users/andrei/.platformio/packages/toolchain-xtensa-esp32s3/xtensa-esp32s3-elf/include/c++/8.4.0;/Users/andrei/.platformio/packages/toolchain-xtensa-esp32s3/xtensa-esp32s3-elf/include/c++/8.4.0/xtensa-esp32s3-elf;/Users/andrei/.platformio/packages/toolchain-xtensa-esp32s3/xtensa-esp32s3-elf/include/c++/8.4.0/backward;/Users/andrei/.platformio/packages/toolchain-xtensa-esp32s3/lib/gcc/xtensa-esp32s3-elf/8.4.0/include;/Users/andrei/.platformio/packages/toolchain-xtensa-esp32s3/lib/gcc/xtensa-esp32s3-elf/8.4.0/include-fixed;/Users/andrei/.platformio/packages/toolchain-xtensa-esp32s3/xtensa-esp32s3-elf/sys-include;/Users/andrei/.platformio/packages/toolchain-xtensa-esp32s3/xtensa-esp32s3-elf/include]


Parsed CXX implicit link information from above output:
  link line regex: [^( *|.*[/\])(xtensa-esp32s3-elf-ld|CMAKE_LINK_STARTFILE-NOTFOUND|([^/\]+-)?ld|collect2)[^/\]*( |$)]
  ignore line: [Change Dir: /Users/andrei/Documents/ICLR/Ricardo-FlintandSteel/Firmware/.pio/build/esp32s3/bootloader/CMakeFiles/CMakeTmp]
  ignore line: []
  ignore line: [Run Build Command(s):/Users/andrei/.platformio/packages/tool-ninja/ninja cmTC_96ee3 && [1/2] Building CXX object CMakeFiles/cmTC_96ee3.dir/CMakeCXXCompilerABI.cpp.obj]
  ignore line: [Using built-in specs.]
  ignore line: [COLLECT_GCC=/Users/andrei/.platformio/packages/toolchain-xtensa-esp32s3/bin/xtensa-esp32s3-elf-g++]
  ignore line: [Target: xtensa-esp32s3-elf]
  ignore line: [Configured with: /Users/brnomac003/.gitlab-runner/builds/qR2TxTby/1/idf/crosstool-NG/.build/xtensa-esp32s3-elf/src/gcc/configure --build=aarch64-build_apple-darwin21.4.0 --host=aarch64-build_apple-darwin21.4.0 --target=xtensa-esp32s3-elf --prefix=/Users/brnomac003/.gitlab-runner/builds/qR2TxTby/1/idf/crosstool-NG/builds/xtensa-esp32s3-elf --exec_prefix=/Users/brnomac003/.gitlab-runner/builds/qR2TxTby/1/idf/crosstool-NG/builds/xtensa-esp32s3-elf --with-local-prefix=/Users/brnomac003/.gitlab-runner/builds/qR2TxTby/1/idf/crosstool-NG/builds/xtensa-esp32s3-elf/xtensa-esp32s3-elf --with-headers=/Users/brnomac003/.gitlab-runner/builds/qR2TxTby/1/idf/crosstool-NG/builds/xtensa-esp32s3-elf/xtensa-esp32s3-elf/include --with-newlib --enable-threads=no --disable-shared --with-pkgversion='crosstool-NG esp-2021r2-patch5' --disable-__cxa_atexit --enable-cxx-flags=-ffunction-sections --disable-libgomp --disable-libmudflap --disable-libmpx --disable-libssp --disable-libquadmath --disable-libquadmath-support --disable-libstdcxx-verbose --with-gmp=/Users/brnomac003/.gitlab-runner/builds/qR2TxTby/1/idf/crosstool-NG/.build/xtensa-esp32s3-elf/buildtools --with-mpfr=/Users/brnomac003/.gitlab-runner/builds/qR2TxTby/1/idf/crosstool-NG/.build/xtensa-esp32s3-elf/buildtools --with-mpc=/Users/brnomac003/.gitlab-runner/builds/qR2TxTby/1/idf/crosstool-NG/.build/xtensa-esp32s3-elf/buildtools --with-isl=/Users/brnomac003/.gitlab-runner/builds/qR2TxTby/1/idf/crosstool-NG/.build/xtensa-esp32s3-elf/buildtools --enable-lto --enable-target-optspace --without-long-double-128 --disable-nls --enable-multiarch --enable-languages=c c++ --disable-libstdcxx-verbose --enable-threads=posix --enable-gcov-custom-rtio --enable-libstdcxx-time=yes]
  ignore line: [Thread model: posix]
  ignore line: [gcc version 8.4.0 (crosstool-NG esp-2021r2-patch5) ]
  ignore line: [COLLECT_GCC_OPTIONS='-mlongcalls' '-v' '-o' 'CMakeFiles/cmTC_96ee3.dir/CMakeCXXCompilerABI.cpp.obj' '-c']
  ignore line: [ /Users/andrei/.platformio/packages/toolchain-xtensa-esp32s3/bin/../libexec/gcc/xtensa-esp32s3-elf/8.4.0/cc1plus -quiet -v -iprefix /Users/andrei/.platformio/packages/toolchain-xtensa-esp32s3/bin/../lib/gcc/xtensa-esp32s3-elf/8.4.0/ /Users/andrei/.platformio/packages/tool-cmake/share/cmake-3.16/Modules/CMakeCXXCompilerABI.cpp -quiet -dumpbase CMakeCXXCompilerABI.cpp -mlongcalls -auxbase-strip CMakeFiles/cmTC_96ee3.dir/CMakeCXXCompilerABI.cpp.obj -version -o /var/folders/r0/vt3fb6ds5cggl533sgtww4480000gn/T//ccsJPCfz.s]
  ignore line: [GNU C++14 (crosstool-NG esp-2021r2-patch5) version 8.4.0 (xtensa-esp32s3-elf)]
  ignore line: [	compiled by GNU C version Apple LLVM 13.0.0 (clang-1300.0.27.3)  GMP version 6.2.1  MPFR version 4.1.0  MPC version 1.2.1  isl version isl-0.19-GMP]
  ignore line: []
  ignore line: [GGC heuristics: --param ggc-min-expand=100 --param ggc-min-heapsize=131072]
  ignore line: [ignoring duplicate directory "/Users/andrei/.platformio/packages/toolchain-xtensa-esp32s3/bin/../lib/gcc/../../lib/gcc/xtensa-esp32s3-elf/8.4.0/../../../../xtensa-esp32s3-elf/include/c++/8.4.0"]
  ignore line: [ignoring duplicate directory "/Users/andrei/.platformio/packages/toolchain-xtensa-esp32s3/bin/../lib/gcc/../../lib/gcc/xtensa-esp32s3-elf/8.4.0/../../../../xtensa-esp32s3-elf/include/c++/8.4.0/xtensa-esp32s3-elf"]
  ignore line: [ignoring duplicate directory "/Users/andrei/.platformio/packages/toolchain-xtensa-esp32s3/bin/../lib/gcc/../../lib/gcc/xtensa-esp32s3-elf/8.4.0/../../../../xtensa-esp32s3-elf/include/c++/8.4.0/backward"]
  ignore line: [ignoring duplicate directory "/Users/andrei/.platformio/packages/toolchain-xtensa-esp32s3/bin/../lib/gcc/../../lib/gcc/xtensa-esp32s3-elf/8.4.0/include"]
  ignore line: [ignoring duplicate directory "/Users/andrei/.platformio/packages/toolchain-xtensa-esp32s3/bin/../lib/gcc/../../lib/gcc/xtensa-esp32s3-elf/8.4.0/include-fixed"]
  ignore line: [ignoring duplicate directory "/Users/andrei/.platformio/packages/toolchain-xtensa-esp32s3/bin/../lib/gcc/../../lib/gcc/xtensa-esp32s3-elf/8.4.0/../../../../xtensa-esp32s3-elf/sys-include"]
  ignore line: [ignoring duplicate directory "/Users/andrei/.platformio/packages/toolchain-xtensa-esp32s3/bin/../lib/gcc/../../lib/gcc/xtensa-esp32s3-elf/8.4.0/../../../../xtensa-esp32s3-elf/include"]
  ignore line: [#include "..." search starts here:]
  ignore line: [#include <...> search starts here:]
  ignore line: [ /Users/andrei/.platformio/packages/toolchain-xtensa-esp32s3/bin/../lib/gcc/xtensa-esp32s3-elf/8.4.0/../../../../xtensa-esp32s3-elf/include/c++/8.4.0]
  ignore line: [ /Users/andrei/.platformio/packages/toolchain-xtensa-esp32s3/bin/../lib/gcc/xtensa-esp32s3-elf/8.4.0/../../../../xtensa-esp32s3-elf/include/c++/8.4.0/xtensa-esp32s3-elf]
  ignore line: [ /Users/andrei/.platformio/packages/toolchain-xtensa-esp32s3/bin/../lib/gcc/xtensa-esp32s3-elf/8.4.0/../../../../xtensa-esp32s3-elf/include/c++/8.4.0/backward]
  ignore line: [ /Users/andrei/.platformio/packages/toolchain-xtensa-esp32s3/bin/../lib/gcc/xtensa-esp32s3-elf/8.4.0/include]
  ignore line: [ /Users/andrei/.platformio/packages/toolchain-xtensa-esp32s3/bin/../lib/gcc/xtensa-esp32s3-elf/8.4.0/include-fixed]
  ignore line: [ /Users/andrei/.platformio/packages/toolchain-xtensa-esp32s3/bin/../lib/gcc/xtensa-esp32s3-elf/8.4.0/../../../../xtensa-esp32s3-elf/sys-include]
  ignore line: [ /Users/andrei/.platformio/packages/toolchain-xtensa-esp32s3/bin/../lib/gcc/xtensa-esp32s3-elf/8.4.0/../../../../xtensa-esp32s3-elf/include]
  ignore line: [End of search list.]
  ignore line: [GNU C++14 (crosstool-NG esp-2021r2-patch5) version 8.4.0 (xtensa-esp32s3-elf)]
  ignore line: [	compiled by GNU C version Apple LLVM 13.0.0 (clang-1300.0.27.3)  GMP version 6.2.1  MPFR version 4.1.0  MPC version 1.2.1  isl version isl-0.19-GMP]
  ignore line: []
  ignore line: [GGC heuristics: --param ggc-min-expand=100 --param ggc-min-heapsize=131072]
  ignore line: [Compiler executable checksum: c1ee4c1768845d4c390854429e0c5e62]
  ignore line: [COLLECT_GCC_OPTIONS='-mlongcalls' '-v' '-o' 'CMakeFiles/cmTC_96ee3.dir/CMakeCXXCompilerABI.cpp.obj' '-c']
  ignore line: [ /Users/andrei/.platformio/packages/toolchain-xtensa-esp32s3/bin/../lib/gcc/xtensa-esp32s3-elf/8.4.0/../../../../xtensa-esp32s3-elf/bin/as --traditional-format --longcalls -o CMakeFiles/cmTC_96ee3.dir/CMakeCXXCompilerABI.cpp.obj /var/folders/r0/vt3fb6ds5cggl533sgtww4480000gn/T//ccsJPCfz.s]
  ignore line: [COMPILER_PATH=/Users/andrei/.platformio/packages/toolchain-xtensa-esp32s3/bin/../libexec/gcc/xtensa-esp32s3-elf/8.4.0/:/Users/andrei/.platformio/packages/toolchain-xtensa-esp32s3/bin/../libexec/gcc/:/Users/andrei/.platformio/packages/toolchain-xtensa-esp32s3/bin/../lib/gcc/xtensa-esp32s3-elf/8.4.0/../../../../xtensa-esp32s3-elf/bin/]
  ignore line: [LIBRARY_PATH=/Users/andrei/.platformio/packages/toolchain-xtensa-esp32s3/bin/../lib/gcc/xtensa-esp32s3-elf/8.4.0/:/Users/andrei/.platformio/packages/toolchain-xtensa-esp32s3/bin/../lib/gcc/:/Users/andrei/.platformio/packages/toolchain-xtensa-esp32s3/bin/../lib/gcc/xtensa-esp32s3-elf/8.4.0/../../../../xtensa-esp32s3-elf/lib/]
  ignore line: [COLLECT_GCC_OPTIONS='-mlongcalls' '-v' '-o' 'CMakeFiles/cmTC_96ee3.dir/CMakeCXXCompilerABI.cpp.obj' '-c']
  ignore line: [[2/2] Linking CXX executable cmTC_96ee3]
  ignore line: [Using built-in specs.]
  ignore line: [COLLECT_GCC=/Users/andrei/.platformio/packages/toolchain-xtensa-esp32s3/bin/xtensa-esp32s3-elf-g++]
  ignore line: [COLLECT_LTO_WRAPPER=/Users/andrei/.platformio/packages/toolchain-xtensa-esp32s3/bin/../libexec/gcc/xtensa-esp32s3-elf/8.4.0/lto-wrapper]
  ignore line: [Target: xtensa-esp32s3-elf]
  ignore line: [Configured with: /Users/brnomac003/.gitlab-runner/builds/qR2TxTby/1/idf/crosstool-NG/.build/xtensa-esp32s3-elf/src/gcc/configure --build=aarch64-build_apple-darwin21.4.0 --host=aarch64-build_apple-darwin21.4.0 --target=xtensa-esp32s3-elf --prefix=/Users/brnomac003/.gitlab-runner/builds/qR2TxTby/1/idf/crosstool-NG/builds/xtensa-esp32s3-elf --exec_prefix=/Users/brnomac003/.gitlab-runner/builds/qR2TxTby/1/idf/crosstool-NG/builds/xtensa-esp32s3-elf --with-local-prefix=/Users/brnomac003/.gitlab-runner/builds/qR2TxTby/1/idf/crosstool-NG/builds/xtensa-esp32s3-elf/xtensa-esp32s3-elf --with-headers=/Users/brnomac003/.gitlab-runner/builds/qR2TxTby/1/idf/crosstool-NG/builds/xtensa-esp32s3-elf/xtensa-esp32s3-elf/include --with-newlib --enable-threads=no --disable-shared --with-pkgversion='crosstool-NG esp-2021r2-patch5' --disable-__cxa_atexit --enable-cxx-flags=-ffunction-sections --disable-libgomp --disable-libmudflap --disable-libmpx --disable-libssp --disable-libquadmath --disable-libquadmath-support --disable-libstdcxx-verbose --with-gmp=/Users/brnomac003/.gitlab-runner/builds/qR2TxTby/1/idf/crosstool-NG/.build/xtensa-esp32s3-elf/buildtools --with-mpfr=/Users/brnomac003/.gitlab-runner/builds/qR2TxTby/1/idf/crosstool-NG/.build/xtensa-esp32s3-elf/buildtools --with-mpc=/Users/brnomac003/.gitlab-runner/builds/qR2TxTby/1/idf/crosstool-NG/.build/xtensa-esp32s3-elf/buildtools --with-isl=/Users/brnomac003/.gitlab-runner/builds/qR2TxTby/1/idf/crosstool-NG/.build/xtensa-esp32s3-elf/buildtools --enable-lto --enable-target-optspace --without-long-double-128 --disable-nls --enable-multiarch --enable-languages=c c++ --disable-libstdcxx-verbose --enable-threads=posix --enable-gcov-custom-rtio --enable-libstdcxx-time=yes]
  ignore line: [Thread model: posix]
  ignore line: [gcc version 8.4.0 (crosstool-NG esp-2021r2-patch5) ]
  ignore line: [COMPILER_PATH=/Users/andrei/.platformio/packages/toolchain-xtensa-esp32s3/bin/../libexec/gcc/xtensa-esp32s3-elf/8.4.0/:/Users/andrei/.platformio/packages/toolchain-xtensa-esp32s3/bin/../libexec/gcc/:/Users/andrei/.platformio/packages/toolchain-xtensa-esp32s3/bin/../lib/gcc/xtensa-esp32s3-elf/8.4.0/../../../../xtensa-esp32s3-elf/bin/]
  ignore line: [LIBRARY_PATH=/Users/andrei/.platformio/packages/toolchain-xtensa-esp32s3/bin/../lib/gcc/xtensa-esp32s3-elf/8.4.0/:/Users/andrei/.platformio/packages/toolchain-xtensa-esp32s3/bin/../lib/gcc/:/Users/andrei/.platformio/packages/toolchain-xtensa-esp32s3/bin/../lib/gcc/xtensa-esp32s3-elf/8.4.0/../../../../xtensa-esp32s3-elf/lib/]
  ignore line: [COLLECT_GCC_OPTIONS='-mlongcalls' '-v' '-o' 'cmTC_96ee3']
  link line: [ /Users/andrei/.platformio/packages/toolchain-xtensa-esp32s3/bin/../libexec/gcc/xtensa-esp32s3-elf/8.4.0/collect2 -plugin /Users/andrei/.platformio/packages/toolchain-xtensa-esp32s3/bin/../libexec/gcc/xtensa-esp32s3-elf/8.4.0/liblto_plugin.so -plugin-opt=/Users/andrei/.platformio/packages/toolchain-xtensa-esp32s3/bin/../libexec/gcc/xtensa-esp32s3-elf/8.4.0/lto-wrapper -plugin-opt=-fresolution=/var/folders/r0/vt3fb6ds5cggl533sgtww4480000gn/T//ccxa3hll.res -plugin-opt=-pass-through=-lgcc -plugin-opt=-pass-through=-lc -plugin-opt=-pass-through=-lnosys -plugin-opt=-pass-through=-lc -plugin-opt=-pass-through=-lgcc -o cmTC_96ee3 /Users/andrei/.platformio/packages/toolchain-xtensa-esp32s3/bin/../lib/gcc/xtensa-esp32s3-elf/8.4.0/../../../../xtensa-esp32s3-elf/lib/crt0.o /Users/andrei/.platformio/packages/toolchain-xtensa-esp32s3/bin/../lib/gcc/xtensa-esp32s3-elf/8.4.0/crti.o /Users/andrei/.platformio/packages/toolchain-xtensa-esp32s3/bin/../lib/gcc/xtensa-esp32s3-elf/8.4.0/crtbegin.o -L/Users/andrei/.platformio/packages/toolchain-xtensa-esp32s3/bin/../lib/gcc/xtensa-esp32s3-elf/8.4.0 -L/Users/andrei/.platformio/packages/toolchain-xtensa-esp32s3/bin/../lib/gcc -L/Users/andrei/.platformio/packages/toolchain-xtensa-esp32s3/bin/../lib/gcc/xtensa-esp32s3-elf/8.4.0/../../../../xtensa-esp32s3-elf/lib CMakeFiles/cmTC_96ee3.dir/CMakeCXXCompilerABI.cpp.obj -lstdc++ -lm -lgcc -lc -lnosys -lc -lgcc /Users/andrei/.platformio/packages/toolchain-xtensa-esp32s3/bin/../lib/gcc/xtensa-esp32s3-elf/8.4.0/crtend.o /Users/andrei/.platformio/packages/toolchain-xtensa-esp32s3/bin/../lib/gcc/xtensa-esp32s3-elf/8.4.0/crtn.o]
    arg [/Users/andrei/.platformio/packages/toolchain-xtensa-esp32s3/bin/../libexec/gcc/xtensa-esp32s3-elf/8.4.0/collect2] ==> ignore
    arg [-plugin] ==> ignore
    arg [/Users/andrei/.platformio/packages/toolchain-xtensa-esp32s3/bin/../libexec/gcc/xtensa-esp32s3-elf/8.4.0/liblto_plugin.so] ==> ignore
    arg [-plugin-opt=/Users/andrei/.platformio/packages/toolchain-xtensa-esp32s3/bin/../libexec/gcc/xtensa-esp32s3-elf/8.4.0/lto-wrapper] ==> ignore
    arg [-plugin-opt=-fresolution=/var/folders/r0/vt3fb6ds5cggl533sgtww4480000gn/T//ccxa3hll.res] ==> ignore
    arg [-plugin-opt=-pass-through=-lgcc] ==> ignore
    arg [-plugin-opt=-pass-through=-lc] ==> ignore
    arg [-plugin-opt=-pass-through=-lnosys] ==> ignore
    arg [-plugin-opt=-pass-through=-lc] ==> ignore
    arg [-plugin-opt=-pass-through=-lgcc] ==> ignore
    arg [-o] ==> ignore
    arg [cmTC_96ee3] ==> ignore
    arg [/Users/andrei/.platformio/packages/toolchain-xtensa-esp32s3/bin/../lib/gcc/xtensa-esp32s3-elf/8.4.0/../../../../xtensa-esp32s3-elf/lib/crt0.o] ==> ignore
    arg [/Users/andrei/.platformio/packages/toolchain-xtensa-esp32s3/bin/../lib/gcc/xtensa-esp32s3-elf/8.4.0/crti.o] ==> ignore
    arg [/Users/andrei/.platformio/packages/toolchain-xtensa-esp32s3/bin/../lib/gcc/xtensa-esp32s3-elf/8.4.0/crtbegin.o] ==> ignore
    arg [-L/Users/andrei/.platformio/packages/toolchain-xtensa-esp32s3/bin/../lib/gcc/xtensa-esp32s3-elf/8.4.0] ==> dir [/Users/andrei/.platformio/packages/toolchain-xtensa-esp32s3/bin/../lib/gcc/xtensa-esp32s3-elf/8.4.0]
    arg [-L/Users/andrei/.platformio/packages/toolchain-xtensa-esp32s3/bin/../lib/gcc] ==> dir [/Users/andrei/.platformio/packages/toolchain-xtensa-esp32s3/bin/../lib/gcc]
    arg [-L/Users/andrei/.platformio/packages/toolchain-xtensa-esp32s3/bin/../lib/gcc/xtensa-esp32s3-elf/8.4.0/../../../../xtensa-esp32s3-elf/lib] ==> dir [/Users/andrei/.platformio/packages/toolchain-xtensa-esp32s3/bin/../lib/gcc/xtensa-esp32s3-elf/8.4.0/../../../../xtensa-esp32s3-elf/lib]
    arg [CMakeFiles/cmTC_96ee3.dir/CMakeCXXCompilerABI.cpp.obj] ==> ignore
    arg [-lstdc++] ==> lib [stdc++]
    arg [-lm] ==> lib [m]
    arg [-lgcc] ==> lib [gcc]
    arg [-lc] ==> lib [c]
    arg [-lnosys] ==> lib [nosys]
    arg [-lc] ==> lib [c]
    arg [-lgcc] ==> lib [gcc]
    arg [/Users/andrei/.platformio/packages/toolchain-xtensa-esp32s3/bin/../lib/gcc/xtensa-esp32s3-elf/8.4.0/crtend.o] ==> ignore
    arg [/Users/andrei/.platformio/packages/toolchain-xtensa-esp32s3/bin/../lib/gcc/xtensa-esp32s3-elf/8.4.0/crtn.o] ==> ignore
  collapse library dir [/Users/andrei/.platformio/packages/toolchain-xtensa-esp32s3/bin/../lib/gcc/xtensa-esp32s3-elf/8.4.0] ==> [/Users/andrei/.platformio/packages/toolchain-xtensa-esp32s3/lib/gcc/xtensa-esp32s3-elf/8.4.0]
  collapse library dir [/Users/andrei/.platformio/packages/toolchain-xtensa-esp32s3/bin/../lib/gcc] ==> [/Users/andrei/.platformio/packages/toolchain-xtensa-esp32s3/lib/gcc]
  collapse library dir [/Users/andrei/.platformio/packages/toolchain-xtensa-esp32s3/bin/../lib/gcc/xtensa-esp32s3-elf/8.4.0/../../../../xtensa-esp32s3-elf/lib] ==> [/Users/andrei/.platformio/packages/toolchain-xtensa-esp32s3/xtensa-esp32s3-elf/lib]
  implicit libs: [stdc++;m;gcc;c;nosys;c;gcc]
  implicit dirs: [/Users/andrei/.platformio/packages/toolchain-xtensa-esp32s3/lib/gcc/xtensa-esp32s3-elf/8.4.0;/Users/andrei/.platformio/packages/toolchain-xtensa-esp32s3/lib/gcc;/Users/andrei/.platformio/packages/toolchain-xtensa-esp32s3/xtensa-esp32s3-elf/lib]
  implicit fwks: []


